2023-02-22 00:38:00 [restartedMain] INFO  com.capgemini.AccountApiApplication - Starting AccountApiApplication using Java 17.0.6 with PID 30908 (D:\dev\my-project\account-api\backend\target\classes started by simpson in D:\dev\my-project\account-api\backend)
2023-02-22 00:38:00 [restartedMain] DEBUG com.capgemini.AccountApiApplication - Running with Spring Boot v3.0.2, Spring v6.0.4
2023-02-22 00:38:00 [restartedMain] INFO  com.capgemini.AccountApiApplication - The following 1 profile is active: "production"
2023-02-22 00:38:02 [restartedMain] INFO  o.a.catalina.core.StandardService - Starting service [Tomcat]
2023-02-22 00:38:02 [restartedMain] INFO  o.a.catalina.core.StandardEngine - Starting Servlet engine: [Apache Tomcat/10.1.5]
2023-02-22 00:38:02 [restartedMain] INFO  o.a.c.c.C.[Tomcat].[localhost].[/] - Initializing Spring embedded WebApplicationContext
2023-02-22 00:38:02 [restartedMain] INFO  o.f.c.i.license.VersionPrinter - Flyway Community Edition 9.7.0 by Redgate
2023-02-22 00:38:02 [restartedMain] INFO  o.f.c.i.license.VersionPrinter - See what's new here: https://flywaydb.org/documentation/learnmore/releaseNotes#9.7.0
2023-02-22 00:38:02 [restartedMain] INFO  o.f.c.i.license.VersionPrinter - 
2023-02-22 00:38:02 [restartedMain] INFO  com.zaxxer.hikari.HikariDataSource - HikariPool-1 - Starting...
2023-02-22 00:38:03 [restartedMain] INFO  com.zaxxer.hikari.pool.HikariPool - HikariPool-1 - Added connection conn0: url=jdbc:h2:mem:account user=SA
2023-02-22 00:38:03 [restartedMain] INFO  com.zaxxer.hikari.HikariDataSource - HikariPool-1 - Start completed.
2023-02-22 00:38:03 [restartedMain] INFO  o.f.c.i.d.base.BaseDatabaseType - Database: jdbc:h2:mem:account (H2 2.1)
2023-02-22 00:38:03 [restartedMain] INFO  o.f.core.internal.command.DbValidate - Successfully validated 2 migrations (execution time 00:00.063s)
2023-02-22 00:38:03 [restartedMain] INFO  o.f.c.i.s.JdbcTableSchemaHistory - Creating Schema History table "public"."flyway_schema_history" ...
2023-02-22 00:38:03 [restartedMain] INFO  o.f.core.internal.command.DbMigrate - Current version of schema "public": << Empty Schema >>
2023-02-22 00:38:03 [restartedMain] INFO  o.f.core.internal.command.DbMigrate - Migrating schema "public" to version "1 - db init"
2023-02-22 00:38:03 [restartedMain] INFO  o.f.core.internal.command.DbMigrate - Migrating schema "public" to version "2 - add customer data"
2023-02-22 00:38:03 [restartedMain] INFO  o.f.core.internal.command.DbMigrate - Successfully applied 2 migrations to schema "public", now at version v2 (execution time 00:00.055s)
2023-02-22 00:38:04 [restartedMain] INFO  SQL dialect - HHH000400: Using dialect: org.hibernate.dialect.H2Dialect
2023-02-22 00:38:06 [restartedMain] INFO  com.capgemini.AccountApiApplication - Started AccountApiApplication in 6.208 seconds (process running for 15.012)
2023-02-22 00:38:14 [http-nio-8080-exec-1] INFO  o.a.c.c.C.[Tomcat].[localhost].[/] - Initializing Spring DispatcherServlet 'dispatcherServlet'
2023-02-22 00:42:27 [SpringApplicationShutdownHook] INFO  com.zaxxer.hikari.HikariDataSource - HikariPool-1 - Shutdown initiated...
2023-02-22 00:42:27 [SpringApplicationShutdownHook] INFO  com.zaxxer.hikari.HikariDataSource - HikariPool-1 - Shutdown completed.
2023-02-22 00:42:32 [restartedMain] INFO  com.capgemini.AccountApiApplication - Starting AccountApiApplication using Java 17.0.6 with PID 7792 (D:\dev\my-project\account-api\backend\target\classes started by simpson in D:\dev\my-project\account-api\backend)
2023-02-22 00:42:32 [restartedMain] DEBUG com.capgemini.AccountApiApplication - Running with Spring Boot v3.0.2, Spring v6.0.4
2023-02-22 00:42:32 [restartedMain] INFO  com.capgemini.AccountApiApplication - The following 1 profile is active: "production"
2023-02-22 00:42:33 [restartedMain] INFO  o.a.catalina.core.StandardService - Starting service [Tomcat]
2023-02-22 00:42:33 [restartedMain] INFO  o.a.catalina.core.StandardEngine - Starting Servlet engine: [Apache Tomcat/10.1.5]
2023-02-22 00:42:33 [restartedMain] INFO  o.a.c.c.C.[Tomcat].[localhost].[/] - Initializing Spring embedded WebApplicationContext
2023-02-22 00:42:33 [restartedMain] INFO  o.f.c.i.license.VersionPrinter - Flyway Community Edition 9.7.0 by Redgate
2023-02-22 00:42:33 [restartedMain] INFO  o.f.c.i.license.VersionPrinter - See what's new here: https://flywaydb.org/documentation/learnmore/releaseNotes#9.7.0
2023-02-22 00:42:33 [restartedMain] INFO  o.f.c.i.license.VersionPrinter - 
2023-02-22 00:42:33 [restartedMain] INFO  com.zaxxer.hikari.HikariDataSource - HikariPool-1 - Starting...
2023-02-22 00:42:33 [restartedMain] INFO  com.zaxxer.hikari.pool.HikariPool - HikariPool-1 - Added connection conn0: url=jdbc:h2:mem:account user=SA
2023-02-22 00:42:33 [restartedMain] INFO  com.zaxxer.hikari.HikariDataSource - HikariPool-1 - Start completed.
2023-02-22 00:42:33 [restartedMain] INFO  o.f.c.i.d.base.BaseDatabaseType - Database: jdbc:h2:mem:account (H2 2.1)
2023-02-22 00:42:33 [restartedMain] INFO  o.f.core.internal.command.DbValidate - Successfully validated 2 migrations (execution time 00:00.015s)
2023-02-22 00:42:33 [restartedMain] INFO  o.f.c.i.s.JdbcTableSchemaHistory - Creating Schema History table "public"."flyway_schema_history" ...
2023-02-22 00:42:33 [restartedMain] INFO  o.f.core.internal.command.DbMigrate - Current version of schema "public": << Empty Schema >>
2023-02-22 00:42:33 [restartedMain] INFO  o.f.core.internal.command.DbMigrate - Migrating schema "public" to version "1 - db init"
2023-02-22 00:42:33 [restartedMain] INFO  o.f.core.internal.command.DbMigrate - Migrating schema "public" to version "2 - add customer data"
2023-02-22 00:42:33 [restartedMain] INFO  o.f.core.internal.command.DbMigrate - Successfully applied 2 migrations to schema "public", now at version v2 (execution time 00:00.032s)
2023-02-22 00:42:34 [restartedMain] INFO  SQL dialect - HHH000400: Using dialect: org.hibernate.dialect.H2Dialect
2023-02-22 00:42:36 [restartedMain] INFO  com.capgemini.AccountApiApplication - Started AccountApiApplication in 4.732 seconds (process running for 5.807)
2023-02-22 00:44:37 [restartedMain] INFO  com.capgemini.AccountApiApplication - Starting AccountApiApplication using Java 17.0.6 with PID 29316 (D:\dev\my-project\account-api\backend\target\classes started by simpson in D:\dev\my-project\account-api\backend)
2023-02-22 00:44:37 [restartedMain] DEBUG com.capgemini.AccountApiApplication - Running with Spring Boot v3.0.2, Spring v6.0.4
2023-02-22 00:44:37 [restartedMain] INFO  com.capgemini.AccountApiApplication - The following 1 profile is active: "production"
2023-02-22 00:44:38 [restartedMain] INFO  o.a.catalina.core.StandardService - Starting service [Tomcat]
2023-02-22 00:44:38 [restartedMain] INFO  o.a.catalina.core.StandardEngine - Starting Servlet engine: [Apache Tomcat/10.1.5]
2023-02-22 00:44:38 [restartedMain] INFO  o.a.c.c.C.[Tomcat].[localhost].[/] - Initializing Spring embedded WebApplicationContext
2023-02-22 00:44:38 [restartedMain] INFO  o.f.c.i.license.VersionPrinter - Flyway Community Edition 9.7.0 by Redgate
2023-02-22 00:44:38 [restartedMain] INFO  o.f.c.i.license.VersionPrinter - See what's new here: https://flywaydb.org/documentation/learnmore/releaseNotes#9.7.0
2023-02-22 00:44:38 [restartedMain] INFO  o.f.c.i.license.VersionPrinter - 
2023-02-22 00:44:38 [restartedMain] INFO  com.zaxxer.hikari.HikariDataSource - HikariPool-1 - Starting...
2023-02-22 00:44:39 [restartedMain] INFO  com.zaxxer.hikari.pool.HikariPool - HikariPool-1 - Added connection conn0: url=jdbc:h2:mem:account user=SA
2023-02-22 00:44:39 [restartedMain] INFO  com.zaxxer.hikari.HikariDataSource - HikariPool-1 - Start completed.
2023-02-22 00:44:39 [restartedMain] INFO  o.f.c.i.d.base.BaseDatabaseType - Database: jdbc:h2:mem:account (H2 2.1)
2023-02-22 00:44:39 [restartedMain] INFO  o.f.core.internal.command.DbValidate - Successfully validated 2 migrations (execution time 00:00.012s)
2023-02-22 00:44:39 [restartedMain] INFO  o.f.c.i.s.JdbcTableSchemaHistory - Creating Schema History table "public"."flyway_schema_history" ...
2023-02-22 00:44:39 [restartedMain] INFO  o.f.core.internal.command.DbMigrate - Current version of schema "public": << Empty Schema >>
2023-02-22 00:44:39 [restartedMain] INFO  o.f.core.internal.command.DbMigrate - Migrating schema "public" to version "1 - db init"
2023-02-22 00:44:39 [restartedMain] INFO  o.f.core.internal.command.DbMigrate - Migrating schema "public" to version "2 - add customer data"
2023-02-22 00:44:39 [restartedMain] INFO  o.f.core.internal.command.DbMigrate - Successfully applied 2 migrations to schema "public", now at version v2 (execution time 00:00.031s)
2023-02-22 00:44:39 [restartedMain] INFO  SQL dialect - HHH000400: Using dialect: org.hibernate.dialect.H2Dialect
2023-02-22 00:44:41 [restartedMain] INFO  com.capgemini.AccountApiApplication - Started AccountApiApplication in 4.284 seconds (process running for 12.988)
2023-02-22 00:47:31 [SpringApplicationShutdownHook] INFO  com.zaxxer.hikari.HikariDataSource - HikariPool-1 - Shutdown initiated...
2023-02-22 00:47:31 [SpringApplicationShutdownHook] INFO  com.zaxxer.hikari.HikariDataSource - HikariPool-1 - Shutdown completed.
2023-02-22 00:48:09 [restartedMain] INFO  com.capgemini.AccountApiApplication - Starting AccountApiApplication using Java 17.0.6 with PID 8896 (D:\dev\my-project\account-api\backend\target\classes started by simpson in D:\dev\my-project\account-api\backend)
2023-02-22 00:48:09 [restartedMain] DEBUG com.capgemini.AccountApiApplication - Running with Spring Boot v3.0.2, Spring v6.0.4
2023-02-22 00:48:09 [restartedMain] INFO  com.capgemini.AccountApiApplication - The following 1 profile is active: "production"
2023-02-22 00:48:10 [restartedMain] INFO  o.a.catalina.core.StandardService - Starting service [Tomcat]
2023-02-22 00:48:10 [restartedMain] INFO  o.a.catalina.core.StandardEngine - Starting Servlet engine: [Apache Tomcat/10.1.5]
2023-02-22 00:48:10 [restartedMain] INFO  o.a.c.c.C.[Tomcat].[localhost].[/] - Initializing Spring embedded WebApplicationContext
2023-02-22 00:48:10 [restartedMain] INFO  o.f.c.i.license.VersionPrinter - Flyway Community Edition 9.7.0 by Redgate
2023-02-22 00:48:10 [restartedMain] INFO  o.f.c.i.license.VersionPrinter - See what's new here: https://flywaydb.org/documentation/learnmore/releaseNotes#9.7.0
2023-02-22 00:48:10 [restartedMain] INFO  o.f.c.i.license.VersionPrinter - 
2023-02-22 00:48:10 [restartedMain] INFO  com.zaxxer.hikari.HikariDataSource - HikariPool-1 - Starting...
2023-02-22 00:48:10 [restartedMain] INFO  com.zaxxer.hikari.pool.HikariPool - HikariPool-1 - Added connection conn0: url=jdbc:h2:mem:account user=SA
2023-02-22 00:48:10 [restartedMain] INFO  com.zaxxer.hikari.HikariDataSource - HikariPool-1 - Start completed.
2023-02-22 00:48:10 [restartedMain] INFO  o.f.c.i.d.base.BaseDatabaseType - Database: jdbc:h2:mem:account (H2 2.1)
2023-02-22 00:48:10 [restartedMain] INFO  o.f.core.internal.command.DbValidate - Successfully validated 2 migrations (execution time 00:00.014s)
2023-02-22 00:48:10 [restartedMain] INFO  o.f.c.i.s.JdbcTableSchemaHistory - Creating Schema History table "public"."flyway_schema_history" ...
2023-02-22 00:48:10 [restartedMain] INFO  o.f.core.internal.command.DbMigrate - Current version of schema "public": << Empty Schema >>
2023-02-22 00:48:10 [restartedMain] INFO  o.f.core.internal.command.DbMigrate - Migrating schema "public" to version "1 - db init"
2023-02-22 00:48:10 [restartedMain] INFO  o.f.core.internal.command.DbMigrate - Migrating schema "public" to version "2 - add customer data"
2023-02-22 00:48:10 [restartedMain] INFO  o.f.core.internal.command.DbMigrate - Successfully applied 2 migrations to schema "public", now at version v2 (execution time 00:00.032s)
2023-02-22 00:48:11 [restartedMain] INFO  SQL dialect - HHH000400: Using dialect: org.hibernate.dialect.H2Dialect
2023-02-22 00:48:12 [restartedMain] INFO  com.capgemini.AccountApiApplication - Started AccountApiApplication in 4.402 seconds (process running for 5.266)
2023-02-22 00:50:50 [SpringApplicationShutdownHook] INFO  com.zaxxer.hikari.HikariDataSource - HikariPool-1 - Shutdown initiated...
2023-02-22 00:50:50 [SpringApplicationShutdownHook] INFO  com.zaxxer.hikari.HikariDataSource - HikariPool-1 - Shutdown completed.
